<?xml version="1.0" encoding="utf-8"?>
<CoverageSession xmlns:xsi="http://www.w3.org/2001/XMLSchema-instance" xmlns:xsd="http://www.w3.org/2001/XMLSchema">
  <Modules>
    <Module skippedDueTo="Filter" hash="F1-43-C4-C5-57-F3-24-86-8F-BB-AA-8C-6C-CB-BA-6E-6D-70-53-AC">
      <FullName>C:\Windows\assembly\GAC_32\mscorlib\2.0.0.0__b77a5c561934e089\mscorlib.dll</FullName>
      <ModuleName>mscorlib</ModuleName>
      <Classes />
    </Module>
    <Module skippedDueTo="Filter" hash="F9-04-A8-31-CD-FB-23-72-95-63-5D-14-9A-A0-66-8E-7F-44-93-7A">
      <FullName>C:\Windows\assembly\GAC_32\mscorlib\2.0.0.0__b77a5c561934e089\sorttbls.nlp</FullName>
      <ModuleName>mscorlib</ModuleName>
      <Classes />
    </Module>
    <Module skippedDueTo="MissingPdb" hash="99-58-F3-12-57-52-7D-B7-C5-D5-6D-D2-6F-7E-6A-41-D6-EA-E3-3A">
      <FullName>C:\Users\EXTIGLGCORREAG\Documents\Visual Studio 2010\Projects\CiExample\tools\NUnit.2.6.0.12054\lib\nunit-console.exe</FullName>
      <ModuleName>nunit-console</ModuleName>
      <Classes />
    </Module>
    <Module skippedDueTo="Filter" hash="6E-30-2E-50-36-FB-60-2C-8E-50-C0-83-54-8B-CC-EA-A8-91-B6-CC">
      <FullName>C:\Windows\assembly\GAC_32\mscorlib\2.0.0.0__b77a5c561934e089\sortkey.nlp</FullName>
      <ModuleName>mscorlib</ModuleName>
      <Classes />
    </Module>
    <Module skippedDueTo="MissingPdb" hash="44-96-43-B5-E5-39-0E-45-A3-FD-E1-E7-5A-9C-F7-6A-15-9A-16-18">
      <FullName>C:\Users\EXTIGLGCORREAG\Documents\Visual Studio 2010\Projects\CiExample\tools\NUnit.2.6.0.12054\lib\lib\nunit-console-runner.dll</FullName>
      <ModuleName>nunit-console-runner</ModuleName>
      <Classes />
    </Module>
    <Module skippedDueTo="MissingPdb" hash="7A-99-4B-0E-30-AA-4A-64-F6-D0-5F-F1-41-D9-04-6D-56-99-A6-79">
      <FullName>C:\Users\EXTIGLGCORREAG\Documents\Visual Studio 2010\Projects\CiExample\tools\NUnit.2.6.0.12054\lib\lib\nunit.core.dll</FullName>
      <ModuleName>nunit.core</ModuleName>
      <Classes />
    </Module>
    <Module skippedDueTo="MissingPdb" hash="C6-A4-C6-84-EB-84-41-C4-A9-30-69-92-57-02-1A-EE-1A-09-C1-61">
      <FullName>C:\Users\EXTIGLGCORREAG\Documents\Visual Studio 2010\Projects\CiExample\tools\NUnit.2.6.0.12054\lib\lib\nunit.util.dll</FullName>
      <ModuleName>nunit.util</ModuleName>
      <Classes />
    </Module>
    <Module skippedDueTo="MissingPdb" hash="72-C7-03-3D-46-8A-09-61-49-D7-41-77-D2-AB-3C-B0-58-18-E6-A9">
      <FullName>C:\Users\EXTIGLGCORREAG\Documents\Visual Studio 2010\Projects\CiExample\tools\NUnit.2.6.0.12054\lib\lib\nunit.core.interfaces.dll</FullName>
      <ModuleName>nunit.core.interfaces</ModuleName>
      <Classes />
    </Module>
    <Module skippedDueTo="Filter" hash="29-7F-1D-47-A0-C2-1E-79-72-DB-55-8B-77-17-5A-36-3F-AB-C9-49">
      <FullName>C:\Windows\assembly\GAC_MSIL\System.Configuration\2.0.0.0__b03f5f7f11d50a3a\System.Configuration.dll</FullName>
      <ModuleName>System.Configuration</ModuleName>
      <Classes />
    </Module>
    <Module skippedDueTo="Filter" hash="33-04-0E-59-E2-77-FC-1E-CA-38-A2-6E-34-56-5B-28-42-34-60-10">
      <FullName>C:\Windows\assembly\GAC_MSIL\System\2.0.0.0__b77a5c561934e089\System.dll</FullName>
      <ModuleName>System</ModuleName>
      <Classes />
    </Module>
    <Module skippedDueTo="Filter" hash="9F-38-A5-E1-C0-92-04-A9-56-32-B4-1B-B5-9F-34-1D-C5-C9-28-43">
      <FullName>C:\Windows\assembly\GAC_MSIL\System.Xml\2.0.0.0__b77a5c561934e089\System.Xml.dll</FullName>
      <ModuleName>System.Xml</ModuleName>
      <Classes />
    </Module>
    <Module skippedDueTo="Filter" hash="92-44-10-37-4C-84-2D-65-E3-A0-6A-B9-9F-01-42-6A-27-41-4A-8C">
      <FullName>C:\Windows\assembly\GAC_MSIL\System.Runtime.Remoting\2.0.0.0__b77a5c561934e089\System.Runtime.Remoting.dll</FullName>
      <ModuleName>System.Runtime.Remoting</ModuleName>
      <Classes />
    </Module>
    <Module skippedDueTo="Filter" hash="23-8B-75-10-D4-00-C1-A8-B7-40-CB-83-5B-2B-E2-41-A9-9C-9E-59">
      <FullName>C:\Windows\Microsoft.Net\assembly\GAC_32\mscorlib\v4.0_4.0.0.0__b77a5c561934e089\mscorlib.dll</FullName>
      <ModuleName>mscorlib</ModuleName>
      <Classes />
    </Module>
    <Module skippedDueTo="MissingPdb" hash="D2-62-62-D9-96-9F-17-F9-2A-20-8F-62-99-D6-5F-65-CC-5E-F5-B2">
      <FullName>C:\Users\EXTIGLGCORREAG\Documents\Visual Studio 2010\Projects\CiExample\tools\NUnit.2.6.0.12054\lib\nunit-agent.exe</FullName>
      <ModuleName>nunit-agent</ModuleName>
      <Classes />
    </Module>
    <Module skippedDueTo="MissingPdb" hash="7A-99-4B-0E-30-AA-4A-64-F6-D0-5F-F1-41-D9-04-6D-56-99-A6-79">
      <FullName>C:\Users\EXTIGLGCORREAG\Documents\Visual Studio 2010\Projects\CiExample\tools\NUnit.2.6.0.12054\lib\lib\nunit.core.dll</FullName>
      <ModuleName>nunit.core</ModuleName>
      <Classes />
    </Module>
    <Module skippedDueTo="MissingPdb" hash="C6-A4-C6-84-EB-84-41-C4-A9-30-69-92-57-02-1A-EE-1A-09-C1-61">
      <FullName>C:\Users\EXTIGLGCORREAG\Documents\Visual Studio 2010\Projects\CiExample\tools\NUnit.2.6.0.12054\lib\lib\nunit.util.dll</FullName>
      <ModuleName>nunit.util</ModuleName>
      <Classes />
    </Module>
    <Module skippedDueTo="MissingPdb" hash="72-C7-03-3D-46-8A-09-61-49-D7-41-77-D2-AB-3C-B0-58-18-E6-A9">
      <FullName>C:\Users\EXTIGLGCORREAG\Documents\Visual Studio 2010\Projects\CiExample\tools\NUnit.2.6.0.12054\lib\lib\nunit.core.interfaces.dll</FullName>
      <ModuleName>nunit.core.interfaces</ModuleName>
      <Classes />
    </Module>
    <Module skippedDueTo="Filter" hash="34-D7-C0-1E-21-78-83-F2-BF-6F-A1-7E-46-52-A0-AE-B7-C7-F3-F0">
      <FullName>C:\Windows\Microsoft.Net\assembly\GAC_MSIL\System\v4.0_4.0.0.0__b77a5c561934e089\System.dll</FullName>
      <ModuleName>System</ModuleName>
      <Classes />
    </Module>
    <Module skippedDueTo="Filter" hash="E8-47-7A-41-67-F7-5A-91-1D-B2-1A-48-85-F5-81-AF-DE-91-B4-C2">
      <FullName>C:\Windows\Microsoft.Net\assembly\GAC_MSIL\System.Runtime.Remoting\v4.0_4.0.0.0__b77a5c561934e089\System.Runtime.Remoting.dll</FullName>
      <ModuleName>System.Runtime.Remoting</ModuleName>
      <Classes />
    </Module>
    <Module skippedDueTo="Filter" hash="6A-CB-9C-23-A1-28-3F-24-11-C3-EA-99-78-1C-2D-0A-DE-D5-1F-6E">
      <FullName>C:\Windows\Microsoft.Net\assembly\GAC_MSIL\System.Configuration\v4.0_4.0.0.0__b03f5f7f11d50a3a\System.Configuration.dll</FullName>
      <ModuleName>System.Configuration</ModuleName>
      <Classes />
    </Module>
    <Module skippedDueTo="Filter" hash="92-C6-F7-85-BE-42-80-6A-4B-B3-F6-B2-EF-AD-56-C1-D7-E7-9D-4D">
      <FullName>C:\Windows\Microsoft.Net\assembly\GAC_MSIL\System.Xml\v4.0_4.0.0.0__b77a5c561934e089\System.Xml.dll</FullName>
      <ModuleName>System.Xml</ModuleName>
      <Classes />
    </Module>
    <Module skippedDueTo="Filter" hash="97-D6-75-02-8B-68-1C-27-5A-13-D8-63-73-60-91-D6-58-AB-6C-39">
      <FullName>C:\Windows\Microsoft.Net\assembly\GAC_32\System.Web\v4.0_4.0.0.0__b03f5f7f11d50a3a\System.Web.dll</FullName>
      <ModuleName>System.Web</ModuleName>
      <Classes />
    </Module>
    <Module skippedDueTo="Filter" hash="40-FF-86-54-DA-2C-65-7F-C2-60-C5-99-80-88-2B-53-33-12-84-5D">
      <FullName>C:\Windows\assembly\GAC_32\System.Web\2.0.0.0__b03f5f7f11d50a3a\System.Web.dll</FullName>
      <ModuleName>System.Web</ModuleName>
      <Classes />
    </Module>
    <Module skippedDueTo="MissingPdb" hash="7A-99-4B-0E-30-AA-4A-64-F6-D0-5F-F1-41-D9-04-6D-56-99-A6-79">
      <FullName>C:\Users\EXTIGLGCORREAG\Documents\Visual Studio 2010\Projects\CiExample\tools\NUnit.2.6.0.12054\lib\lib\nunit.core.dll</FullName>
      <ModuleName>nunit.core</ModuleName>
      <Classes />
    </Module>
    <Module skippedDueTo="Filter" hash="34-D7-C0-1E-21-78-83-F2-BF-6F-A1-7E-46-52-A0-AE-B7-C7-F3-F0">
      <FullName>C:\Windows\Microsoft.Net\assembly\GAC_MSIL\System\v4.0_4.0.0.0__b77a5c561934e089\System.dll</FullName>
      <ModuleName>System</ModuleName>
      <Classes />
    </Module>
    <Module skippedDueTo="MissingPdb" hash="28-53-DB-D6-59-E5-D4-AB-B8-DE-44-84-10-05-40-D0-C0-7C-2C-0C">
      <FullName>C:\Users\EXTIGLGCORREAG\Documents\Visual Studio 2010\Projects\CiExample\tools\NUnit.2.6.0.12054\lib\pnunit.framework.dll</FullName>
      <ModuleName>pnunit.framework</ModuleName>
      <Classes />
    </Module>
    <Module skippedDueTo="MissingPdb" hash="72-C7-03-3D-46-8A-09-61-49-D7-41-77-D2-AB-3C-B0-58-18-E6-A9">
      <FullName>C:\Users\EXTIGLGCORREAG\Documents\Visual Studio 2010\Projects\CiExample\tools\NUnit.2.6.0.12054\lib\lib\nunit.core.interfaces.dll</FullName>
      <ModuleName>nunit.core.interfaces</ModuleName>
      <Classes />
    </Module>
    <Module hash="C4-75-43-CE-90-DC-BA-C6-B9-C0-7F-5F-56-6D-AD-8B-5E-CE-B3-8E">
      <FullName>C:\Users\EXTIGLGCORREAG\Documents\Visual Studio 2010\Projects\CiExample\src\CiExample.Tests\bin\Debug\CiExample.Tests.dll</FullName>
      <ModuleName>CiExample.Tests</ModuleName>
      <Files>
        <File uid="1" fullPath="c:\Users\EXTIGLGCORREAG\Documents\Visual Studio 2010\Projects\CiExample\src\CiExample.Tests\CalculatorTest.cs" />
      </Files>
      <Classes>
        <Class>
          <FullName>&lt;Module&gt;</FullName>
          <Methods />
        </Class>
        <Class>
          <FullName>CiExample.Tests.CalculatorTest</FullName>
          <Methods>
            <Method visited="true" cyclomaticComplexity="1" sequenceCoverage="100" branchCoverage="100" isConstructor="false" isStatic="false" isGetter="false" isSetter="false">
              <MetadataToken>100663297</MetadataToken>
              <Name>System.Void CiExample.Tests.CalculatorTest::OnePlusOneShouldBeOne()</Name>
              <FileRef uid="1" />
              <SequencePoints>
                <SequencePoint vc="1" uspid="1" ordinal="0" offset="0" sl="15" sc="9" el="15" ec="10" />
                <SequencePoint vc="1" uspid="2" ordinal="1" offset="1" sl="16" sc="13" el="16" ec="35" />
                <SequencePoint vc="1" uspid="3" ordinal="2" offset="11" sl="17" sc="13" el="17" ec="50" />
                <SequencePoint vc="1" uspid="4" ordinal="3" offset="35" sl="18" sc="13" el="18" ec="47" />
                <SequencePoint vc="1" uspid="5" ordinal="4" offset="53" sl="19" sc="9" el="19" ec="10" />
              </SequencePoints>
              <BranchPoints />
              <MethodPoint xsi:type="SequencePoint" vc="1" uspid="1" ordinal="0" offset="0" sl="15" sc="9" el="15" ec="10" />
            </Method>
            <Method visited="true" cyclomaticComplexity="1" sequenceCoverage="0" branchCoverage="0" isConstructor="true" isStatic="false" isGetter="false" isSetter="false">
              <MetadataToken>100663298</MetadataToken>
              <Name>System.Void CiExample.Tests.CalculatorTest::.ctor()</Name>
              <SequencePoints />
              <BranchPoints />
              <MethodPoint vc="1" uspid="6" ordinal="0" offset="0" />
            </Method>
          </Methods>
        </Class>
      </Classes>
    </Module>
    <Module skippedDueTo="MissingPdb" hash="4B-D6-D7-AD-B7-7B-F0-7C-CD-28-8F-3F-5F-53-4E-64-64-A0-62-B4">
      <FullName>C:\Users\EXTIGLGCORREAG\Documents\Visual Studio 2010\Projects\CiExample\src\CiExample.Tests\bin\Debug\nunit.framework.dll</FullName>
      <ModuleName>nunit.framework</ModuleName>
      <Classes />
    </Module>
    <Module skippedDueTo="MissingPdb" hash="44-96-43-B5-E5-39-0E-45-A3-FD-E1-E7-5A-9C-F7-6A-15-9A-16-18">
      <FullName>C:\Users\EXTIGLGCORREAG\Documents\Visual Studio 2010\Projects\CiExample\tools\NUnit.2.6.0.12054\lib\lib\nunit-console-runner.dll</FullName>
      <ModuleName>nunit-console-runner</ModuleName>
      <Classes />
    </Module>
    <Module skippedDueTo="Filter" hash="E8-47-7A-41-67-F7-5A-91-1D-B2-1A-48-85-F5-81-AF-DE-91-B4-C2">
      <FullName>C:\Windows\Microsoft.Net\assembly\GAC_MSIL\System.Runtime.Remoting\v4.0_4.0.0.0__b77a5c561934e089\System.Runtime.Remoting.dll</FullName>
      <ModuleName>System.Runtime.Remoting</ModuleName>
      <Classes />
    </Module>
    <Module skippedDueTo="Filter" hash="6A-CB-9C-23-A1-28-3F-24-11-C3-EA-99-78-1C-2D-0A-DE-D5-1F-6E">
      <FullName>C:\Windows\Microsoft.Net\assembly\GAC_MSIL\System.Configuration\v4.0_4.0.0.0__b03f5f7f11d50a3a\System.Configuration.dll</FullName>
      <ModuleName>System.Configuration</ModuleName>
      <Classes />
    </Module>
    <Module skippedDueTo="Filter" hash="92-C6-F7-85-BE-42-80-6A-4B-B3-F6-B2-EF-AD-56-C1-D7-E7-9D-4D">
      <FullName>C:\Windows\Microsoft.Net\assembly\GAC_MSIL\System.Xml\v4.0_4.0.0.0__b77a5c561934e089\System.Xml.dll</FullName>
      <ModuleName>System.Xml</ModuleName>
      <Classes />
    </Module>
    <Module hash="54-B9-2C-92-CE-6D-49-B0-03-90-83-64-73-CA-84-8F-E6-A4-13-44">
      <FullName>C:\Users\EXTIGLGCORREAG\Documents\Visual Studio 2010\Projects\CiExample\src\CiExample.Tests\bin\Debug\Negocio.dll</FullName>
      <ModuleName>Negocio</ModuleName>
      <Files>
        <File uid="3" fullPath="c:\Users\EXTIGLGCORREAG\Documents\Visual Studio 2010\Projects\CiExample\src\Negocio\Calculator.cs" />
        <File uid="4" fullPath="c:\Users\EXTIGLGCORREAG\Documents\Visual Studio 2010\Projects\CiExample\src\Negocio\DuplicateCode.cs" />
      </Files>
      <Classes>
        <Class>
          <FullName>&lt;Module&gt;</FullName>
          <Methods />
        </Class>
        <Class>
          <FullName>Negocio.Calculator</FullName>
          <Methods>
            <Method visited="true" cyclomaticComplexity="1" sequenceCoverage="100" branchCoverage="100" isConstructor="false" isStatic="true" isGetter="false" isSetter="false">
              <MetadataToken>100663297</MetadataToken>
              <Name>System.Double Negocio.Calculator::Add(System.Double,System.Double)</Name>
              <FileRef uid="3" />
              <SequencePoints>
                <SequencePoint vc="1" uspid="7" ordinal="0" offset="0" sl="20" sc="9" el="20" ec="10" />
                <SequencePoint vc="1" uspid="8" ordinal="1" offset="1" sl="21" sc="13" el="21" ec="26" />
                <SequencePoint vc="1" uspid="9" ordinal="2" offset="7" sl="22" sc="9" el="22" ec="10" />
              </SequencePoints>
              <BranchPoints />
              <MethodPoint xsi:type="SequencePoint" vc="1" uspid="7" ordinal="0" offset="0" sl="20" sc="9" el="20" ec="10" />
            </Method>
            <Method visited="false" cyclomaticComplexity="2" sequenceCoverage="0" branchCoverage="0" isConstructor="false" isStatic="false" isGetter="false" isSetter="false">
              <MetadataToken>100663298</MetadataToken>
              <Name>System.Void Negocio.Calculator::DuplicateCode1()</Name>
              <FileRef uid="3" />
              <SequencePoints>
                <SequencePoint vc="0" uspid="10" ordinal="0" offset="0" sl="25" sc="9" el="25" ec="10" />
                <SequencePoint vc="0" uspid="11" ordinal="1" offset="1" sl="26" sc="13" el="26" ec="26" />
                <SequencePoint vc="0" uspid="12" ordinal="2" offset="11" sl="27" sc="13" el="27" ec="26" />
                <SequencePoint vc="0" uspid="13" ordinal="3" offset="21" sl="28" sc="13" el="28" ec="27" />
                <SequencePoint vc="0" uspid="14" ordinal="4" offset="42" sl="29" sc="17" el="29" ec="53" />
                <SequencePoint vc="0" uspid="15" ordinal="5" offset="53" sl="30" sc="9" el="30" ec="10" />
              </SequencePoints>
              <BranchPoints>
                <BranchPoint vc="0" uspid="16" ordinal="0" offset="40" path="0" />
                <BranchPoint vc="0" uspid="17" ordinal="1" offset="40" path="1" />
              </BranchPoints>
              <MethodPoint xsi:type="SequencePoint" vc="0" uspid="10" ordinal="0" offset="0" sl="25" sc="9" el="25" ec="10" />
            </Method>
            <Method visited="false" cyclomaticComplexity="2" sequenceCoverage="0" branchCoverage="0" isConstructor="false" isStatic="false" isGetter="false" isSetter="false">
              <MetadataToken>100663299</MetadataToken>
              <Name>System.Void Negocio.Calculator::DuplicateCode2()</Name>
              <FileRef uid="3" />
              <SequencePoints>
                <SequencePoint vc="0" uspid="18" ordinal="0" offset="0" sl="33" sc="9" el="33" ec="10" />
                <SequencePoint vc="0" uspid="19" ordinal="1" offset="1" sl="34" sc="13" el="34" ec="26" />
                <SequencePoint vc="0" uspid="20" ordinal="2" offset="11" sl="35" sc="13" el="35" ec="26" />
                <SequencePoint vc="0" uspid="21" ordinal="3" offset="21" sl="36" sc="13" el="36" ec="27" />
                <SequencePoint vc="0" uspid="22" ordinal="4" offset="42" sl="37" sc="17" el="37" ec="53" />
                <SequencePoint vc="0" uspid="23" ordinal="5" offset="55" sl="39" sc="17" el="39" ec="50" />
                <SequencePoint vc="0" uspid="24" ordinal="6" offset="66" sl="40" sc="9" el="40" ec="10" />
              </SequencePoints>
              <BranchPoints>
                <BranchPoint vc="0" uspid="25" ordinal="0" offset="40" path="0" />
                <BranchPoint vc="0" uspid="26" ordinal="1" offset="40" path="1" />
              </BranchPoints>
              <MethodPoint xsi:type="SequencePoint" vc="0" uspid="18" ordinal="0" offset="0" sl="33" sc="9" el="33" ec="10" />
            </Method>
            <Method visited="false" cyclomaticComplexity="1" sequenceCoverage="0" branchCoverage="0" isConstructor="true" isStatic="false" isGetter="false" isSetter="false">
              <MetadataToken>100663300</MetadataToken>
              <Name>System.Void Negocio.Calculator::.ctor()</Name>
              <SequencePoints />
              <BranchPoints />
              <MethodPoint vc="0" uspid="27" ordinal="0" offset="0" />
            </Method>
          </Methods>
        </Class>
        <Class>
          <FullName>Negocio.DuplicateCode</FullName>
          <Methods>
            <Method visited="false" cyclomaticComplexity="2" sequenceCoverage="0" branchCoverage="0" isConstructor="false" isStatic="false" isGetter="false" isSetter="false">
              <MetadataToken>100663301</MetadataToken>
              <Name>System.Void Negocio.DuplicateCode::SomeMethod()</Name>
              <FileRef uid="4" />
              <SequencePoints>
                <SequencePoint vc="0" uspid="28" ordinal="0" offset="0" sl="17" sc="9" el="17" ec="10" />
                <SequencePoint vc="0" uspid="29" ordinal="1" offset="1" sl="18" sc="13" el="18" ec="26" />
                <SequencePoint vc="0" uspid="30" ordinal="2" offset="11" sl="19" sc="13" el="19" ec="26" />
                <SequencePoint vc="0" uspid="31" ordinal="3" offset="21" sl="20" sc="13" el="20" ec="27" />
                <SequencePoint vc="0" uspid="32" ordinal="4" offset="42" sl="21" sc="17" el="21" ec="53" />
                <SequencePoint vc="0" uspid="33" ordinal="5" offset="53" sl="22" sc="9" el="22" ec="10" />
              </SequencePoints>
              <BranchPoints>
                <BranchPoint vc="0" uspid="34" ordinal="0" offset="40" path="0" />
                <BranchPoint vc="0" uspid="35" ordinal="1" offset="40" path="1" />
              </BranchPoints>
              <MethodPoint xsi:type="SequencePoint" vc="0" uspid="28" ordinal="0" offset="0" sl="17" sc="9" el="17" ec="10" />
            </Method>
            <Method visited="false" cyclomaticComplexity="1" sequenceCoverage="0" branchCoverage="0" isConstructor="true" isStatic="false" isGetter="false" isSetter="false">
              <MetadataToken>100663302</MetadataToken>
              <Name>System.Void Negocio.DuplicateCode::.ctor()</Name>
              <SequencePoints />
              <BranchPoints />
              <MethodPoint vc="0" uspid="36" ordinal="0" offset="0" />
            </Method>
          </Methods>
        </Class>
      </Classes>
    </Module>
  </Modules>
</CoverageSession>